C:\Program Files (x86)\MSBuild\Microsoft.Cpp\v4.0\V140\Microsoft.CppBuild.targets(392,5): warning MSB8028: The intermediate directory (Debug\) contains files shared from another project (Win32Project1.vcxproj).  This can lead to incorrect clean and rebuild behavior.
  clocks.cpp
d:\mycpp\myfltk\win32project1\win32project1\clocks.cpp(1): warning C4067: 预处理器指令后有意外标记 - 应输入换行符
d:\mycpp\myfltk\win32project1\win32project1\clocks.cpp(2): warning C4067: 预处理器指令后有意外标记 - 应输入换行符
d:\mycpp\myfltk\win32project1\win32project1\graph.h(45): warning C4305: “初始化”: 从“Graph_lib::Color::Transparency”到“char”截断
d:\mycpp\myfltk\win32project1\win32project1\graph.h(45): warning C4309: “初始化”: 截断常量值
d:\mycpp\myfltk\win32project1\win32project1\graph.h(47): warning C4305: “初始化”: 从“Graph_lib::Color::Transparency”到“char”截断
d:\mycpp\myfltk\win32project1\win32project1\graph.h(47): warning C4309: “初始化”: 截断常量值
d:\mycpp\myfltk\win32project1\win32project1\gettime.h(11): warning C4244: “初始化”: 从“time_t”转换到“std::size_t”，可能丢失数据
d:\mycpp\myfltk\win32project1\win32project1\physical_clock.h(22): warning C4244: “参数”: 从“double”转换到“int”，可能丢失数据
d:\mycpp\myfltk\win32project1\win32project1\physical_clock.h(23): warning C4244: “参数”: 从“double”转换到“int”，可能丢失数据
d:\mycpp\myfltk\win32project1\win32project1\physical_clock.h(25): warning C4244: “参数”: 从“double”转换到“int”，可能丢失数据
d:\mycpp\myfltk\win32project1\win32project1\physical_clock.h(26): warning C4244: “参数”: 从“double”转换到“int”，可能丢失数据
d:\mycpp\myfltk\win32project1\win32project1\physical_clock.h(28): warning C4244: “参数”: 从“double”转换到“int”，可能丢失数据
d:\mycpp\myfltk\win32project1\win32project1\physical_clock.h(29): warning C4244: “参数”: 从“double”转换到“int”，可能丢失数据
d:\mycpp\myfltk\win32project1\win32project1\physical_clock.h(31): warning C4244: “参数”: 从“double”转换到“int”，可能丢失数据
d:\mycpp\myfltk\win32project1\win32project1\physical_clock.h(32): warning C4244: “参数”: 从“double”转换到“int”，可能丢失数据
d:\mycpp\myfltk\win32project1\win32project1\physical_clock.h(35): warning C4244: “参数”: 从“double”转换到“int”，可能丢失数据
d:\mycpp\myfltk\win32project1\win32project1\physical_clock.h(36): warning C4244: “参数”: 从“double”转换到“int”，可能丢失数据
d:\mycpp\myfltk\win32project1\win32project1\physical_clock.h(37): warning C4244: “参数”: 从“double”转换到“int”，可能丢失数据
d:\mycpp\myfltk\win32project1\win32project1\physical_clock.h(47): warning C4244: “参数”: 从“double”转换到“int”，可能丢失数据
d:\mycpp\myfltk\win32project1\win32project1\physical_clock.h(48): warning C4244: “参数”: 从“double”转换到“int”，可能丢失数据
d:\mycpp\myfltk\win32project1\win32project1\physical_clock.h(49): warning C4244: “参数”: 从“double”转换到“int”，可能丢失数据
d:\mycpp\myfltk\win32project1\win32project1\physical_clock.h(80): warning C4244: “参数”: 从“double”转换到“int”，可能丢失数据
d:\mycpp\myfltk\win32project1\win32project1\physical_clock.h(87): warning C4244: “参数”: 从“double”转换到“int”，可能丢失数据
d:\mycpp\myfltk\win32project1\win32project1\physical_clock.h(92): warning C4244: “参数”: 从“double”转换到“int”，可能丢失数据
d:\mycpp\myfltk\win32project1\win32project1\digital_clock.h(33): warning C4244: “参数”: 从“double”转换到“int”，可能丢失数据
d:\mycpp\myfltk\win32project1\win32project1\digital_clock.h(34): warning C4244: “参数”: 从“double”转换到“int”，可能丢失数据
d:\mycpp\myfltk\win32project1\win32project1\digital_clock.h(35): warning C4244: “参数”: 从“double”转换到“int”，可能丢失数据
d:\mycpp\myfltk\win32project1\win32project1\digital_clock.h(36): warning C4244: “参数”: 从“double”转换到“int”，可能丢失数据
d:\mycpp\myfltk\win32project1\win32project1\digital_clock.h(37): warning C4244: “参数”: 从“double”转换到“int”，可能丢失数据
d:\mycpp\myfltk\win32project1\win32project1\digital_clock.h(38): warning C4244: “参数”: 从“double”转换到“int”，可能丢失数据
d:\mycpp\myfltk\win32project1\win32project1\digital_clock.h(41): warning C4244: “参数”: 从“double”转换到“int”，可能丢失数据
d:\mycpp\myfltk\win32project1\win32project1\digital_clock.h(42): warning C4244: “参数”: 从“double”转换到“int”，可能丢失数据
d:\mycpp\myfltk\win32project1\win32project1\digital_clock.h(43): warning C4244: “参数”: 从“double”转换到“int”，可能丢失数据
d:\mycpp\myfltk\win32project1\win32project1\digital_clock.h(44): warning C4244: “参数”: 从“double”转换到“int”，可能丢失数据
d:\mycpp\myfltk\win32project1\win32project1\digital_clock.h(45): warning C4244: “参数”: 从“double”转换到“int”，可能丢失数据
d:\mycpp\myfltk\win32project1\win32project1\digital_clock.h(46): warning C4244: “参数”: 从“double”转换到“int”，可能丢失数据
d:\mycpp\myfltk\win32project1\win32project1\digital_clock.h(49): warning C4244: “参数”: 从“double”转换到“int”，可能丢失数据
d:\mycpp\myfltk\win32project1\win32project1\digital_clock.h(50): warning C4244: “参数”: 从“double”转换到“int”，可能丢失数据
d:\mycpp\myfltk\win32project1\win32project1\digital_clock.h(51): warning C4244: “参数”: 从“double”转换到“int”，可能丢失数据
d:\mycpp\myfltk\win32project1\win32project1\digital_clock.h(52): warning C4244: “参数”: 从“double”转换到“int”，可能丢失数据
d:\mycpp\myfltk\win32project1\win32project1\digital_clock.h(53): warning C4244: “参数”: 从“double”转换到“int”，可能丢失数据
d:\mycpp\myfltk\win32project1\win32project1\digital_clock.h(54): warning C4244: “参数”: 从“double”转换到“int”，可能丢失数据
d:\mycpp\myfltk\win32project1\win32project1\digital_clock.h(57): warning C4244: “参数”: 从“double”转换到“int”，可能丢失数据
d:\mycpp\myfltk\win32project1\win32project1\digital_clock.h(58): warning C4244: “参数”: 从“double”转换到“int”，可能丢失数据
d:\mycpp\myfltk\win32project1\win32project1\digital_clock.h(59): warning C4244: “参数”: 从“double”转换到“int”，可能丢失数据
d:\mycpp\myfltk\win32project1\win32project1\digital_clock.h(60): warning C4244: “参数”: 从“double”转换到“int”，可能丢失数据
d:\mycpp\myfltk\win32project1\win32project1\digital_clock.h(61): warning C4244: “参数”: 从“double”转换到“int”，可能丢失数据
d:\mycpp\myfltk\win32project1\win32project1\digital_clock.h(62): warning C4244: “参数”: 从“double”转换到“int”，可能丢失数据
d:\mycpp\myfltk\win32project1\win32project1\digital_clock.h(65): warning C4244: “参数”: 从“double”转换到“int”，可能丢失数据
d:\mycpp\myfltk\win32project1\win32project1\digital_clock.h(66): warning C4244: “参数”: 从“double”转换到“int”，可能丢失数据
d:\mycpp\myfltk\win32project1\win32project1\digital_clock.h(67): warning C4244: “参数”: 从“double”转换到“int”，可能丢失数据
d:\mycpp\myfltk\win32project1\win32project1\digital_clock.h(68): warning C4244: “参数”: 从“double”转换到“int”，可能丢失数据
d:\mycpp\myfltk\win32project1\win32project1\digital_clock.h(69): warning C4244: “参数”: 从“double”转换到“int”，可能丢失数据
d:\mycpp\myfltk\win32project1\win32project1\digital_clock.h(70): warning C4244: “参数”: 从“double”转换到“int”，可能丢失数据
d:\mycpp\myfltk\win32project1\win32project1\digital_clock.h(73): warning C4244: “参数”: 从“double”转换到“int”，可能丢失数据
d:\mycpp\myfltk\win32project1\win32project1\digital_clock.h(74): warning C4244: “参数”: 从“double”转换到“int”，可能丢失数据
d:\mycpp\myfltk\win32project1\win32project1\digital_clock.h(75): warning C4244: “参数”: 从“double”转换到“int”，可能丢失数据
d:\mycpp\myfltk\win32project1\win32project1\digital_clock.h(76): warning C4244: “参数”: 从“double”转换到“int”，可能丢失数据
d:\mycpp\myfltk\win32project1\win32project1\digital_clock.h(77): warning C4244: “参数”: 从“double”转换到“int”，可能丢失数据
d:\mycpp\myfltk\win32project1\win32project1\digital_clock.h(78): warning C4244: “参数”: 从“double”转换到“int”，可能丢失数据
d:\mycpp\myfltk\win32project1\win32project1\digital_clock.h(81): warning C4244: “参数”: 从“double”转换到“int”，可能丢失数据
d:\mycpp\myfltk\win32project1\win32project1\digital_clock.h(82): warning C4244: “参数”: 从“double”转换到“int”，可能丢失数据
d:\mycpp\myfltk\win32project1\win32project1\digital_clock.h(83): warning C4244: “参数”: 从“double”转换到“int”，可能丢失数据
d:\mycpp\myfltk\win32project1\win32project1\digital_clock.h(84): warning C4244: “参数”: 从“double”转换到“int”，可能丢失数据
d:\mycpp\myfltk\win32project1\win32project1\digital_clock.h(85): warning C4244: “参数”: 从“double”转换到“int”，可能丢失数据
d:\mycpp\myfltk\win32project1\win32project1\digital_clock.h(86): warning C4244: “参数”: 从“double”转换到“int”，可能丢失数据
d:\mycpp\myfltk\win32project1\win32project1\digital_clock.h(128): warning C4244: “参数”: 从“double”转换到“int”，可能丢失数据
d:\mycpp\myfltk\win32project1\win32project1\digital_clock.h(129): warning C4244: “参数”: 从“double”转换到“int”，可能丢失数据
d:\mycpp\myfltk\win32project1\win32project1\digital_clock.h(130): warning C4244: “参数”: 从“double”转换到“int”，可能丢失数据
d:\mycpp\myfltk\win32project1\win32project1\digital_clock.h(131): warning C4244: “参数”: 从“double”转换到“int”，可能丢失数据
d:\mycpp\myfltk\win32project1\win32project1\digital_clock.h(135): warning C4244: “参数”: 从“double”转换到“int”，可能丢失数据
d:\mycpp\myfltk\win32project1\win32project1\digital_clock.h(136): warning C4244: “参数”: 从“double”转换到“int”，可能丢失数据
d:\mycpp\myfltk\win32project1\win32project1\digital_clock.h(137): warning C4244: “参数”: 从“double”转换到“int”，可能丢失数据
d:\mycpp\myfltk\win32project1\win32project1\digital_clock.h(138): warning C4244: “参数”: 从“double”转换到“int”，可能丢失数据
d:\mycpp\myfltk\win32project1\win32project1\digital_clock.h(142): warning C4244: “参数”: 从“double”转换到“int”，可能丢失数据
d:\mycpp\myfltk\win32project1\win32project1\digital_clock.h(143): warning C4244: “参数”: 从“double”转换到“int”，可能丢失数据
d:\mycpp\myfltk\win32project1\win32project1\digital_clock.h(144): warning C4244: “参数”: 从“double”转换到“int”，可能丢失数据
d:\mycpp\myfltk\win32project1\win32project1\digital_clock.h(145): warning C4244: “参数”: 从“double”转换到“int”，可能丢失数据
d:\mycpp\myfltk\win32project1\win32project1\digital_clock.h(149): warning C4244: “参数”: 从“double”转换到“int”，可能丢失数据
d:\mycpp\myfltk\win32project1\win32project1\digital_clock.h(150): warning C4244: “参数”: 从“double”转换到“int”，可能丢失数据
d:\mycpp\myfltk\win32project1\win32project1\digital_clock.h(151): warning C4244: “参数”: 从“double”转换到“int”，可能丢失数据
d:\mycpp\myfltk\win32project1\win32project1\digital_clock.h(152): warning C4244: “参数”: 从“double”转换到“int”，可能丢失数据
  正在生成代码...
  正在跳过...(未检测到相关更改)
  Window.cpp
  Simple_window.cpp
  Win32Project1.vcxproj -> D:\myCpp\myFltk\Win32Project1\Debug\clocks.exe
  Win32Project1.vcxproj -> D:\myCpp\myFltk\Win32Project1\Debug\clocks.pdb (Full PDB)
