clocks.obj : error LNK2001: 无法解析的外部符号 "public: static void __cdecl Fl::redraw(void)" (?redraw@Fl@@SAXXZ)
clocks.obj : error LNK2001: 无法解析的外部符号 "public: static void __cdecl Fl::repeat_timeout(double,void (__cdecl*)(void *),void *)" (?repeat_timeout@Fl@@SAXNP6AXPAX@Z0@Z)
clocks.obj : error LNK2001: 无法解析的外部符号 "public: static void __cdecl Fl::add_timeout(double,void (__cdecl*)(void *),void *)" (?add_timeout@Fl@@SAXNP6AXPAX@Z0@Z)
clocks.obj : error LNK2001: 无法解析的外部符号 "public: static int __cdecl Fl::run(void)" (?run@Fl@@SAHXZ)
Graph.obj : error LNK2001: 无法解析的外部符号 "public: __thiscall Fl_GIF_Image::Fl_GIF_Image(char const *)" (??0Fl_GIF_Image@@QAE@PBD@Z)
Graph.obj : error LNK2001: 无法解析的外部符号 "public: virtual void __thiscall Fl_Image::uncache(void)" (?uncache@Fl_Image@@UAEXXZ)
Graph.obj : error LNK2001: 无法解析的外部符号 "public: virtual void __thiscall Fl_Image::draw(int,int,int,int,int,int)" (?draw@Fl_Image@@UAEXHHHHHH@Z)
Graph.obj : error LNK2001: 无法解析的外部符号 "public: virtual void __thiscall Fl_Image::label(class Fl_Widget *)" (?label@Fl_Image@@UAEXPAVFl_Widget@@@Z)
Graph.obj : error LNK2001: 无法解析的外部符号 "public: virtual void __thiscall Fl_Image::label(struct Fl_Menu_Item *)" (?label@Fl_Image@@UAEXPAUFl_Menu_Item@@@Z)
Graph.obj : error LNK2001: 无法解析的外部符号 "public: virtual void __thiscall Fl_Image::desaturate(void)" (?desaturate@Fl_Image@@UAEXXZ)
Graph.obj : error LNK2001: 无法解析的外部符号 "public: virtual void __thiscall Fl_Image::color_average(unsigned int,float)" (?color_average@Fl_Image@@UAEXIM@Z)
Graph.obj : error LNK2001: 无法解析的外部符号 "public: virtual class Fl_Image * __thiscall Fl_Image::copy(int,int)" (?copy@Fl_Image@@UAEPAV1@HH@Z)
Graph.obj : error LNK2001: 无法解析的外部符号 "public: virtual __thiscall Fl_Image::~Fl_Image(void)" (??1Fl_Image@@UAE@XZ)
Graph.obj : error LNK2001: 无法解析的外部符号 "protected: void __thiscall Fl_Image::draw_empty(int,int)" (?draw_empty@Fl_Image@@IAEXHH@Z)
Graph.obj : error LNK2001: 无法解析的外部符号 "class Fl_Graphics_Driver * fl_graphics_driver" (?fl_graphics_driver@@3PAVFl_Graphics_Driver@@A)
Graph.obj : error LNK2001: 无法解析的外部符号 "public: __thiscall Fl_JPEG_Image::Fl_JPEG_Image(char const *)" (??0Fl_JPEG_Image@@QAE@PBD@Z)
Graph.obj : error LNK2001: 无法解析的外部符号 "void __cdecl fl_draw(char const *,int,int)" (?fl_draw@@YAXPBDHH@Z)
GUI.obj : error LNK2001: 无法解析的外部符号 "public: int __thiscall Fl_Input_::value(char const *)" (?value@Fl_Input_@@QAEHPBD@Z)
GUI.obj : error LNK2001: 无法解析的外部符号 "public: __thiscall Fl_Button::Fl_Button(int,int,int,int,char const *)" (??0Fl_Button@@QAE@HHHHPBD@Z)
GUI.obj : error LNK2001: 无法解析的外部符号 "public: __thiscall Fl_Input::Fl_Input(int,int,int,int,char const *)" (??0Fl_Input@@QAE@HHHHPBD@Z)
GUI.obj : error LNK2001: 无法解析的外部符号 "public: __thiscall Fl_Output::Fl_Output(int,int,int,int,char const *)" (??0Fl_Output@@QAE@HHHHPBD@Z)
Simple_window.obj : error LNK2001: 无法解析的外部符号 "public: virtual void __thiscall Fl_Window::hide(void)" (?hide@Fl_Window@@UAEXXZ)
Simple_window.obj : error LNK2001: 无法解析的外部符号 "public: virtual void __thiscall Fl_Window::show(void)" (?show@Fl_Window@@UAEXXZ)
Simple_window.obj : error LNK2001: 无法解析的外部符号 "public: virtual void __thiscall Fl_Window::resize(int,int,int,int)" (?resize@Fl_Window@@UAEXHHHH@Z)
Simple_window.obj : error LNK2001: 无法解析的外部符号 "public: virtual int __thiscall Fl_Window::handle(int)" (?handle@Fl_Window@@UAEHH@Z)
Simple_window.obj : error LNK2001: 无法解析的外部符号 "public: virtual __thiscall Fl_Window::~Fl_Window(void)" (??1Fl_Window@@UAE@XZ)
Simple_window.obj : error LNK2001: 无法解析的外部符号 "protected: virtual void __thiscall Fl_Window::flush(void)" (?flush@Fl_Window@@MAEXXZ)
Simple_window.obj : error LNK2001: 无法解析的外部符号 "public: static int __cdecl Fl::wait(void)" (?wait@Fl@@SAHXZ)
Window.obj : error LNK2001: 无法解析的外部符号 "protected: virtual void __thiscall Fl_Window::draw(void)" (?draw@Fl_Window@@MAEXXZ)
Window.obj : error LNK2001: 无法解析的外部符号 "public: __thiscall Fl_Window::Fl_Window(int,int,char const *)" (??0Fl_Window@@QAE@HHPBD@Z)
Window.obj : error LNK2001: 无法解析的外部符号 "public: __thiscall Fl_Window::Fl_Window(int,int,int,int,char const *)" (??0Fl_Window@@QAE@HHHHPBD@Z)
Window.obj : error LNK2001: 无法解析的外部符号 "public: void __thiscall Fl_Group::end(void)" (?end@Fl_Group@@QAEXXZ)
Window.obj : error LNK2001: 无法解析的外部符号 "public: void __thiscall Fl_Group::begin(void)" (?begin@Fl_Group@@QAEXXZ)
MSVCRT.lib(exe_winmain.obj) : error LNK2001: 无法解析的外部符号 _WinMain@16
D:\myCpp\myFltk\Win32Project1\Release\Win32Project1.exe : fatal error LNK1120: 34 个无法解析的外部命令
